----- MACE 2.2f, August 2004 -----
The process was started by johnicholas_hines on cs-321813014283-default-boost-q2wq6,
Tue Jul  6 19:52:30 2021
The command was "/home/johnicholas_hines/otter-3.3f/bin-Linux/mace2 -n4 -p".
op(400,xfx,*).

list(usable).
1 [] D(C(x))=C(x).
2 [] C(D(x))=D(x).
3 [] -K(x,y,z)| -K(x,y,w)|z=w.
4 [] C(x)!=D(y)|K(x,y,x*y).
5 [] -K(x,y,x*y)|C(x)=D(y).
6 [] -K(x,y,z)|D(z)=D(x).
7 [] -K(x,y,z)|C(z)=C(y).
8 [] K(D(x),x,x).
9 [] K(x,C(x),x).
10 [] -K(x1,x2,x3)| -K(x2,x4,x5)| -K(x1,x5,x6)| -K(x3,x4,x7)|x6=x7.
end_of_list.

list(flattened_and_parted_clauses).
1 [] C(x)!=y|D(y)=y.
2 [] D(x)!=y|C(y)=y.
3 [] -K(x,y,z)| -K(x,y,u)|z=u.
4 [] x*y!=z|K(x,y,z)| -$Connect1(x,y).
4 [] D(x)!=y|C(z)!=y|$Connect1(z,x).
5 [] D(x)!=y|C(z)=y| -$Connect2(x,z).
5 [] x*y!=z| -K(x,y,z)|$Connect2(y,x).
6 [] D(x)!=y|D(z)=y| -$Connect3(x,z).
6 [] -K(x,y,z)|$Connect3(x,z).
7 [] C(x)!=y|C(z)=y| -$Connect4(x,z).
7 [] -K(x,y,z)|$Connect4(y,z).
8 [] D(x)!=y|K(y,x,x).
9 [] C(x)!=y|K(x,y,x).
10 [] -K(x,y,z)| -K(y,u,v)|$Connect6(x,z,u,v).
10 [] -K(x,y,z)|$Connect5(u,v,z)| -$Connect6(x,u,v,y).
10 [] -K(x,y,z)|u=z| -$Connect5(x,y,u).
end_of_list.

--- Starting search for models of size 4 ---


3320 clauses were generated; 3160 of those survived the first stage
of unit preprocessing; there are 560 atoms.

After all unit preprocessing, 544 atoms are still unassigned;
3144 clauses remain; 24 of those are non-Horn (selectable);
4897 K allocated; cpu time so far for this domain size: 0.00 sec.

======================= Model #1 at 0.00 seconds:

 C :
        0 1 2 3
    -----------
        0 0 0 0

 D :
        0 1 2 3
    -----------
        0 0 0 0
Dimension 3 table for K not printed

 * :
      | 0 1 2 3
    --+--------
    0 | 0 1 2 3
    1 | 1 0 2 3
    2 | 2 2 2 2
    3 | 3 3 2 2
end_of_model

----- statistics for domain size 4 ----
Input:
    Clauses input                  3160
    Literal occurrences input      8736
    Greatest atom                   560
Unit preprocess:
    Preprocess unit assignments      16
    Clauses after subsumption      3144
    Literal occ. after subsump.    8720
    Selectable clauses               24
Decide:
    Splits                           19
    Unit assignments                510
    Failed paths                      8
Memory:
    Memory malloced                15 K
    Memory MACE_tp_alloced       4882 K
Time (seconds):
    Generate ground clauses        0.00
    DPLL                           0.00

=======================================
Total times for run (seconds):
    user CPU time                  0.00   (0 hr, 0 min, 0 sec)
    system CPU time                0.00   (0 hr, 0 min, 0 sec)
    wall-clock time                0      (0 hr, 0 min, 0 sec)

Exit by max_models parameter.  The set is satisfiable (1 model(s) found).

The job finished Tue Jul  6 19:52:30 2021
